W, [2016-01-10T00:35:47.700811 #2065]  WARN -- : Couldn't connect to localhost: no implicit conversion of nil into String
W, [2016-01-10T00:36:43.133427 #2071]  WARN -- : Couldn't connect to localhost: no implicit conversion of nil into String
W, [2016-01-10T00:37:05.512600 #2076]  WARN -- : Couldn't connect to localhost: no implicit conversion of nil into String
W, [2016-01-10T00:41:41.613491 #2111]  WARN -- : Couldn't connect to localhost: no implicit conversion of nil into String
W, [2016-01-10T00:43:12.820079 #2118]  WARN -- : Couldn't connect to localhost: undefined local variable or method `data' for main:Object
W, [2016-01-10T00:45:34.398121 #2133]  WARN -- : Couldn't connect to localhost: no implicit conversion of nil into String
W, [2016-01-10T00:48:58.719333 #2153]  WARN -- : No data from DB
W, [2016-01-10T00:50:25.252342 #2160]  WARN -- : No data from DB
W, [2016-01-10T00:50:42.995084 #2165]  WARN -- : No data from DB
I, [2016-01-10T01:00:20.198011 #2264]  INFO -- : Sent text to: {:@name=>"Drew", :@tele=>"+13147759588"} with content: 
I, [2016-01-10T01:00:20.198765 #2264]  INFO -- : Sent text to: {:@name=>"Drew", :@tele=>"+13147759588"} with content: INFO:  was sent to {:@name=>"Drew", :@tele=>"+13147759588"}
I, [2016-01-10T01:05:20.934011 #2292]  INFO -- : Sent text to: {:@name=>"Drew", :@tele=>"+13147759588"} with content: Good morning!
I, [2016-01-10T01:05:20.934690 #2292]  INFO -- : Sent text to: {:@name=>"Drew", :@tele=>"+13147759588"} with content: INFO: Good morning! was sent to {:@name=>"Drew", :@tele=>"+13147759588"}
I, [2016-01-10T01:05:56.199474 #2298]  INFO -- : Sent text to: {:@name=>"Drew", :@tele=>"+13147759588"} with content: Good morning!
I, [2016-01-10T01:05:56.200212 #2298]  INFO -- : Sent text to: {:@name=>"Drew", :@tele=>"+13147759588"} with content: INFO: Good morning! was sent to {:@name=>"Drew", :@tele=>"+13147759588"}
I, [2016-01-10T01:06:31.999369 #2305]  INFO -- : Sent text to: {:@name=>"Drew", :@tele=>"+13147759588"} with content: Good morning!
I, [2016-01-10T01:06:32.000076 #2305]  INFO -- : Sent text to: {:@name=>"Drew", :@tele=>"+13147759588"} with content: INFO: Good morning! was sent to {:@name=>"Drew", :@tele=>"+13147759588"}
I, [2016-01-10T01:09:43.017269 #2317]  INFO -- : Sent text to: {:@name=>"Drew", :@tele=>"+13147759588"} with content: Good morning!
I, [2016-01-10T01:09:43.017992 #2317]  INFO -- : Sent text to: {:@name=>"Drew", :@tele=>"+13147759588"} with content: INFO: Good morning! was sent to {:@name=>"Drew", :@tele=>"+13147759588"}
I, [2016-01-10T01:09:58.989127 #2321]  INFO -- : Sent text to: {:@name=>"Drew", :@tele=>"+13147759588"} with content: Good morning!
I, [2016-01-10T01:09:59.774170 #2321]  INFO -- : Sent text to: {:@name=>"Drew", :@tele=>"+13147759588"} with content: INFO: Good morning! was sent to {:@name=>"Drew", :@tele=>"+13147759588"}
I, [2016-01-10T01:16:38.217076 #2330]  INFO -- : Sent text to: {:@name=>"Drew", :@tele=>"+13147759588"} with content: content
I, [2016-01-10T01:16:38.617519 #2330]  INFO -- : Sent text to: {:@name=>"Drew", :@tele=>"+13147759588"} with content: INFO: content was sent to {:@name=>"Drew", :@tele=>"+13147759588"}
I, [2016-01-10T01:17:23.483386 #2337]  INFO -- : Sent text to: {:@name=>"Drew", :@tele=>"+13147759588"} with content: Have a great day!!
I, [2016-01-10T01:17:23.954083 #2337]  INFO -- : Sent text to: {:@name=>"Drew", :@tele=>"+13147759588"} with content: INFO: Have a great day!! was sent to {:@name=>"Drew", :@tele=>"+13147759588"}
I, [2016-01-10T01:30:01.239179 #2576]  INFO -- : Sent text to: {:@name=>"Drew", :@tele=>"+13147759588"} with content: Good morning!
I, [2016-01-10T01:30:01.655892 #2576]  INFO -- : Sent text to: {:@name=>"Drew", :@tele=>"+13147759588"} with content: INFO: Good morning! was sent to {:@name=>"Drew", :@tele=>"+13147759588"}
I, [2016-01-10T01:30:40.397322 #2583]  INFO -- : Sent text to: {:@name=>"Drew", :@tele=>"+13147759588"} with content: Does this work?
I, [2016-01-10T01:30:40.936234 #2583]  INFO -- : Sent text to: {:@name=>"Drew", :@tele=>"+13147759588"} with content: INFO: Does this work? was sent to {:@name=>"Drew", :@tele=>"+13147759588"}
I, [2016-01-10T01:30:49.461464 #2584]  INFO -- : Sent text to: {:@name=>"Drew", :@tele=>"+13147759588"} with content: Good morning!
I, [2016-01-10T01:30:49.904753 #2584]  INFO -- : Sent text to: {:@name=>"Drew", :@tele=>"+13147759588"} with content: INFO: Good morning! was sent to {:@name=>"Drew", :@tele=>"+13147759588"}
